<?xml version="1.0" encoding="UTF-8"?>
<!-- Generated by org.testng.reporters.JUnitXMLReporter -->
<testsuite ignored="0" hostname="DESKTOP-TAPJUMM" failures="0" tests="6" name="Default test" time="42.582" errors="0" timestamp="2023-03-28T13:08:38 IST">
  <testcase classname="api.test.DDTests" name="testPostuser" time="16.552"/>
  <testcase classname="api.test.DDTests" name="testPostuser" time="2.292"/>
  <testcase classname="api.test.DDTests" name="testPostuser" time="3.069"/>
  <testcase classname="api.test.DDTests" name="testDeleteUserByName" time="2.356"/>
  <testcase classname="api.test.DDTests" name="testDeleteUserByName" time="3.381"/>
  <testcase classname="api.test.DDTests" name="testDeleteUserByName" time="2.956"/>
</testsuite> <!-- Default test -->
