<?xml version="1.0" encoding="UTF-8"?>
<testng-results ignored="0" total="4" passed="4" failed="0" skipped="0">
  <reporter-output>
  </reporter-output>
  <suite started-at="2023-03-31T18:08:15 IST" name="PetSuite" finished-at="2023-03-31T18:08:45 IST" duration-ms="29650">
    <groups>
    </groups>
    <test started-at="2023-03-31T18:08:15 IST" name="PetTest" finished-at="2023-03-31T18:08:45 IST" duration-ms="29650">
      <class name="api.test.UserTests">
        <test-method is-config="true" signature="setup()[pri:0, instance:api.test.UserTests@3012646b]" started-at="2023-03-31T18:08:17 IST" name="setup" finished-at="2023-03-31T18:08:22 IST" duration-ms="4574" status="PASS">
          <reporter-output>
          </reporter-output>
        </test-method> <!-- setup -->
        <test-method signature="testPostUser()[pri:1, instance:api.test.UserTests@3012646b]" started-at="2023-03-31T18:08:22 IST" name="testPostUser" finished-at="2023-03-31T18:08:35 IST" duration-ms="13694" status="PASS">
          <reporter-output>
          </reporter-output>
        </test-method> <!-- testPostUser -->
        <test-method signature="testGetUserByName()[pri:2, instance:api.test.UserTests@3012646b]" started-at="2023-03-31T18:08:36 IST" name="testGetUserByName" finished-at="2023-03-31T18:08:38 IST" duration-ms="2471" status="PASS">
          <reporter-output>
          </reporter-output>
        </test-method> <!-- testGetUserByName -->
        <test-method signature="testUpdateUserByName()[pri:3, instance:api.test.UserTests@3012646b]" started-at="2023-03-31T18:08:38 IST" name="testUpdateUserByName" finished-at="2023-03-31T18:08:43 IST" duration-ms="4453" status="PASS">
          <reporter-output>
          </reporter-output>
        </test-method> <!-- testUpdateUserByName -->
        <test-method signature="testDeleteUserByName()[pri:4, instance:api.test.UserTests@3012646b]" started-at="2023-03-31T18:08:43 IST" name="testDeleteUserByName" finished-at="2023-03-31T18:08:45 IST" duration-ms="2207" status="PASS">
          <reporter-output>
          </reporter-output>
        </test-method> <!-- testDeleteUserByName -->
      </class> <!-- api.test.UserTests -->
    </test> <!-- PetTest -->
  </suite> <!-- PetSuite -->
</testng-results>
