<?xml version="1.0" encoding="UTF-8"?>
<testng-results ignored="0" total="4" passed="4" failed="0" skipped="0">
  <reporter-output>
  </reporter-output>
  <suite started-at="2023-03-28T16:30:20 IST" name="PetSuite" finished-at="2023-03-28T16:30:53 IST" duration-ms="32867">
    <groups>
    </groups>
    <test started-at="2023-03-28T16:30:20 IST" name="PetTest" finished-at="2023-03-28T16:30:53 IST" duration-ms="32867">
      <class name="api.test.UserTests">
        <test-method is-config="true" signature="setup()[pri:0, instance:api.test.UserTests@48f278eb]" started-at="2023-03-28T16:30:22 IST" name="setup" finished-at="2023-03-28T16:30:28 IST" duration-ms="5886" status="PASS">
          <reporter-output>
          </reporter-output>
        </test-method> <!-- setup -->
        <test-method signature="testPostUser()[pri:1, instance:api.test.UserTests@48f278eb]" started-at="2023-03-28T16:30:28 IST" name="testPostUser" finished-at="2023-03-28T16:30:44 IST" duration-ms="15308" status="PASS">
          <reporter-output>
          </reporter-output>
        </test-method> <!-- testPostUser -->
        <test-method signature="testGetUserByName()[pri:2, instance:api.test.UserTests@48f278eb]" started-at="2023-03-28T16:30:44 IST" name="testGetUserByName" finished-at="2023-03-28T16:30:46 IST" duration-ms="2600" status="PASS">
          <reporter-output>
          </reporter-output>
        </test-method> <!-- testGetUserByName -->
        <test-method signature="testUpdateUserByName()[pri:3, instance:api.test.UserTests@48f278eb]" started-at="2023-03-28T16:30:46 IST" name="testUpdateUserByName" finished-at="2023-03-28T16:30:51 IST" duration-ms="4847" status="PASS">
          <reporter-output>
          </reporter-output>
        </test-method> <!-- testUpdateUserByName -->
        <test-method signature="testDeleteUserByName()[pri:4, instance:api.test.UserTests@48f278eb]" started-at="2023-03-28T16:30:51 IST" name="testDeleteUserByName" finished-at="2023-03-28T16:30:53 IST" duration-ms="1831" status="PASS">
          <reporter-output>
          </reporter-output>
        </test-method> <!-- testDeleteUserByName -->
      </class> <!-- api.test.UserTests -->
    </test> <!-- PetTest -->
  </suite> <!-- PetSuite -->
</testng-results>
