<?xml version="1.0" encoding="UTF-8"?>
<!-- Generated by org.testng.reporters.JUnitXMLReporter -->
<testsuite ignored="0" hostname="DESKTOP-TAPJUMM" failures="0" tests="4" name="PetTest" time="29.65" errors="0" timestamp="2023-03-31T18:08:47 IST">
  <testcase classname="api.test.UserTests" name="testPostUser" time="13.694"/>
  <testcase classname="api.test.UserTests" name="testGetUserByName" time="2.471"/>
  <testcase classname="api.test.UserTests" name="testUpdateUserByName" time="4.453"/>
  <testcase classname="api.test.UserTests" name="testDeleteUserByName" time="2.207"/>
</testsuite> <!-- PetTest -->
