<?xml version="1.0" encoding="UTF-8"?>
<!-- Generated by org.testng.reporters.JUnitXMLReporter -->
<testsuite ignored="0" hostname="DESKTOP-TAPJUMM" failures="0" tests="4" name="PetTest" time="32.867" errors="0" timestamp="2023-03-28T16:30:53 IST">
  <testcase classname="api.test.UserTests" name="testPostUser" time="15.308"/>
  <testcase classname="api.test.UserTests" name="testGetUserByName" time="2.6"/>
  <testcase classname="api.test.UserTests" name="testUpdateUserByName" time="4.847"/>
  <testcase classname="api.test.UserTests" name="testDeleteUserByName" time="1.831"/>
</testsuite> <!-- PetTest -->
